::1 - - [03/Dec/2025:23:33:34 +0000] "POST /api/v1/admin/setCustomClaims HTTP/1.1" 401 294 "-" "PostmanRuntime/7.49.1"
::1 - - [03/Dec/2025:23:37:34 +0000] "GET /api/v1/users/vBGhqFJvoYOaNbRxXfQfpgpcO572 HTTP/1.1" 401 294 "-" "PostmanRuntime/7.49.1"
::1 - - [04/Dec/2025:00:04:15 +0000] "POST /api/v1/admin/setCustomClaims HTTP/1.1" 500 80 "-" "PostmanRuntime/7.49.1"
::1 - - [04/Dec/2025:01:37:04 +0000] "GET /api/v1/players HTTP/1.1" 401 85 "-" "PostmanRuntime/7.49.1"
::1 - - [04/Dec/2025:01:37:40 +0000] "GET /api/v1/players HTTP/1.1" 401 85 "-" "PostmanRuntime/7.49.1"
::1 - - [04/Dec/2025:01:38:49 +0000] "GET /api/v1/players HTTP/1.1" 401 85 "-" "PostmanRuntime/7.49.1"
::1 - - [04/Dec/2025:01:56:53 +0000] "POST /api/v1/admin/setCustomClaims HTTP/1.1" 401 85 "-" "PostmanRuntime/7.49.1"
::1 - - [04/Dec/2025:04:35:39 +0000] "GET /api/v1/players HTTP/1.1" 401 85 "-" "PostmanRuntime/7.50.0"
::1 - - [04/Dec/2025:06:48:41 +0000] "GET /api/v1/players HTTP/1.1" 401 85 "-" "PostmanRuntime/7.49.1"
::1 - - [04/Dec/2025:06:49:39 +0000] "POST /api/v1/admin/setCustomClaims HTTP/1.1" 429 42 "-" "PostmanRuntime/7.49.1"
::1 - - [04/Dec/2025:06:50:00 +0000] "POST /api/v1/admin/setCustomClaims HTTP/1.1" 429 42 "-" "PostmanRuntime/7.49.1"
::1 - - [04/Dec/2025:06:50:15 +0000] "POST /api/v1/admin/setCustomClaims HTTP/1.1" 401 85 "-" "PostmanRuntime/7.49.1"
::1 - - [04/Dec/2025:07:08:57 +0000] "POST /api/v1/admin/setCustomClaims HTTP/1.1" 403 77 "-" "PostmanRuntime/7.49.1"
::1 - - [04/Dec/2025:07:10:02 +0000] "POST /api/v1/admin/setCustomClaims HTTP/1.1" 403 77 "-" "PostmanRuntime/7.49.1"
::1 - - [04/Dec/2025:07:11:18 +0000] "GET /api/v1/users/ALNL38QW28Opgel1UjEU95wQCj03 HTTP/1.1" 401 288 "-" "PostmanRuntime/7.49.1"
::1 - - [04/Dec/2025:07:17:49 +0000] "GET /api/v1/users/SIGtXiHNFSYah7avY4HmB3Fe3F53 HTTP/1.1" 403 77 "-" "PostmanRuntime/7.49.1"
::1 - - [04/Dec/2025:07:17:59 +0000] "GET /api/v1/users/SIGtXiHNFSYah7avY4HmB3Fe3F53 HTTP/1.1" 403 77 "-" "PostmanRuntime/7.49.1"
::1 - - [04/Dec/2025:07:23:46 +0000] "POST /api/v1/admin/setCustomClaims HTTP/1.1" 403 77 "-" "PostmanRuntime/7.49.1"
::1 - - [04/Dec/2025:07:25:08 +0000] "POST /api/v1/admin/setCustomClaims HTTP/1.1" 403 84 "-" "PostmanRuntime/7.49.1"
::1 - - [04/Dec/2025:07:28:23 +0000] "GET /api/v1/users/SIGtXiHNFSYah7avY4HmB3Fe3F53 HTTP/1.1" 403 77 "-" "PostmanRuntime/7.49.1"
::1 - - [04/Dec/2025:07:29:57 +0000] "GET /api/v1/users/SIGtXiHNFSYah7avY4HmB3Fe3F53 HTTP/1.1" 403 77 "-" "PostmanRuntime/7.49.1"
::1 - - [04/Dec/2025:07:32:18 +0000] "GET /api/v1/users/SIGtXiHNFSYah7avY4HmB3Fe3F53 HTTP/1.1" 403 77 "-" "PostmanRuntime/7.49.1"
::1 - - [04/Dec/2025:07:39:02 +0000] "GET /api/v1/users/SIGtXiHNFSYah7avY4HmB3Fe3F53 HTTP/1.1" 403 77 "-" "PostmanRuntime/7.49.1"
::1 - - [04/Dec/2025:15:16:55 +0000] "GET /api/v1/players HTTP/1.1" 401 85 "-" "PostmanRuntime/7.49.1"
::1 - - [04/Dec/2025:15:17:24 +0000] "GET /api/v1/players HTTP/1.1" 401 85 "-" "PostmanRuntime/7.49.1"
::1 - - [04/Dec/2025:15:22:44 +0000] "GET /api/v1/players HTTP/1.1" 401 85 "-" "PostmanRuntime/7.49.1"
::1 - - [04/Dec/2025:15:23:48 +0000] "POST /api/v1/admin/setCustomClaims?=ALNL38QW28Opgel1UjEU95wQCj03 HTTP/1.1" 401 294 "-" "PostmanRuntime/7.49.1"
::1 - - [04/Dec/2025:15:25:34 +0000] "POST /api/v1/admin/setCustomClaims HTTP/1.1" 500 80 "-" "PostmanRuntime/7.49.1"
::1 - - [04/Dec/2025:15:25:53 +0000] "POST /api/v1/admin/setCustomClaims HTTP/1.1" 500 80 "-" "PostmanRuntime/7.49.1"
::1 - - [04/Dec/2025:15:26:01 +0000] "GET /api/v1/users/ALNL38QW28Opgel1UjEU95wQCj03 HTTP/1.1" 401 294 "-" "PostmanRuntime/7.49.1"
::1 - - [04/Dec/2025:15:26:31 +0000] "POST /api/v1/admin/setCustomClaims?=ALNL38QW28Opgel1UjEU95wQCj03 HTTP/1.1" 401 294 "-" "PostmanRuntime/7.49.1"
::1 - - [04/Dec/2025:15:26:39 +0000] "POST /api/v1/admin/setCustomClaims?=ALNL38QW28Opgel1UjEU95wQCj03 HTTP/1.1" 401 288 "-" "PostmanRuntime/7.49.1"
